<?xml version="1.0" encoding="UTF-8"?>
<!-- Generated by org.testng.reporters.JUnitReportReporter -->
<testsuite hostname="ShankarGarg.local" name="com.appium.test.testandroidiOS" tests="1" failures="0" timestamp="19 Oct 2014 07:04:12 GMT" time="41.894" errors="0">
  <testcase name="testandroidcase" time="41.894" classname="com.appium.test.testandroidiOS"/>
</testsuite> <!-- com.appium.test.testandroidiOS -->
