<?xml version="1.0" encoding="UTF-8"?>
<!-- Generated by org.testng.reporters.JUnitReportReporter -->
<testsuite hostname="ShankarGarg.local" name="com.appium.test.testandroidiOS" tests="1" failures="0" timestamp="21 Oct 2014 05:06:04 GMT" time="56.512" errors="0">
  <testcase name="testandroidcase" time="56.512" classname="com.appium.test.testandroidiOS"/>
</testsuite> <!-- com.appium.test.testandroidiOS -->
