<?xml version="1.0" encoding="UTF-8"?>
<!-- Generated by org.testng.reporters.JUnitReportReporter -->
<testsuite hostname="Sgarg-PC" name="com.appium.test.testandroid" tests="1" failures="0" timestamp="6 Oct 2014 19:33:23 GMT" time="106.416" errors="0">
  <testcase name="testandroidcase" time="106.416" classname="com.appium.test.testandroid"/>
</testsuite> <!-- com.appium.test.testandroid -->
